snapshot/未命名文件夹/video-add/app/build/outputs/logs/manifest-merger-debug-report.txt
-- Merging decision tree log ---
manifest
ADDED from src/main/AndroidManifest.xml:2:1-125:12
INJECTED from src/main/AndroidManifest.xml:2:1-125:12
INJECTED from src/main/AndroidManifest.xml:2:1-125:12
INJECTED from src/main/AndroidManifest.xml:2:1-125:12
MERGED from [:picture_library] AndroidManifest.xml:2:1-70:12
MERGED from [com.squareup.leakcanary:leakcanary-android:1.5.1] AndroidManifest.xml:17:1-57:12
MERGED from [com.squareup.leakcanary:leakcanary-android-no-op:1.5.1] AndroidManifest.xml:17:1-22:12
MERGED from [com.android.support:design:25.2.0] AndroidManifest.xml:17:1-27:12
MERGED from [:ucrop] AndroidManifest.xml:2:1-11:12
MERGED from [com.android.support:appcompat-v7:25.2.0] AndroidManifest.xml:17:1-27:12
MERGED from [com.android.support:transition:25.2.0] AndroidManifest.xml:17:1-24:12
MERGED from [com.android.support:support-v4:25.2.0] AndroidManifest.xml:17:1-27:12
MERGED from [com.android.support:recyclerview-v7:25.2.0] AndroidManifest.xml:17:1-22:12
MERGED from [io.reactivex.rxjava2:rxandroid:2.0.1] AndroidManifest.xml:15:1-21:12
MERGED from [com.android.support:animated-vector-drawable:25.2.0] AndroidManifest.xml:17:1-24:12
MERGED from [com.android.support:support-vector-drawable:25.2.0] AndroidManifest.xml:17:1-25:12
MERGED from [com.android.support:support-fragment:25.2.0] AndroidManifest.xml:17:1-27:12
MERGED from [com.android.support:support-media-compat:25.2.0] AndroidManifest.xml:17:1-27:12
MERGED from [com.android.support:support-core-utils:25.2.0] AndroidManifest.xml:17:1-27:12
MERGED from [com.android.support:support-core-ui:25.2.0] AndroidManifest.xml:17:1-27:12
MERGED from [com.android.support:support-compat:25.2.0] AndroidManifest.xml:17:1-27:12
INJECTED from src/main/AndroidManifest.xml:2:1-125:12
INJECTED from src/main/AndroidManifest.xml:2:1-125:12
INJECTED from src/main/AndroidManifest.xml:2:1-125:12
	package
		ADDED from src/main/AndroidManifest.xml:4:5-39
		INJECTED from src/main/AndroidManifest.xml
		INJECTED from src/main/AndroidManifest.xml
	android:versionName
		INJECTED from src/main/AndroidManifest.xml
		ADDED from src/main/AndroidManifest.xml:2:1-125:12
		INJECTED from src/main/AndroidManifest.xml
	xmlns:tools
		ADDED from src/main/AndroidManifest.xml:3:5-51
	android:versionCode
		INJECTED from src/main/AndroidManifest.xml
		ADDED from src/main/AndroidManifest.xml:2:1-125:12
		INJECTED from src/main/AndroidManifest.xml
	xmlns:android
		ADDED from src/main/AndroidManifest.xml:2:11-69
uses-permission#android.permission.READ_CONTACTS
ADDED from src/main/AndroidManifest.xml:7:5-71
	android:name
		ADDED from src/main/AndroidManifest.xml:7:22-69
uses-permission#android.permission.CALL_PHONE
ADDED from src/main/AndroidManifest.xml:9:5-68
	android:name
		ADDED from src/main/AndroidManifest.xml:9:22-66
uses-feature#android.hardware.camera
ADDED from src/main/AndroidManifest.xml:11:5-59
	android:name
		ADDED from src/main/AndroidManifest.xml:11:19-57
uses-feature#android.hardware.camera.autofocus
ADDED from src/main/AndroidManifest.xml:12:5-69
	android:name
		ADDED from src/main/AndroidManifest.xml:12:19-67
uses-permission#android.permission.ACCESS_COARSE_LOCATION
ADDED from src/main/AndroidManifest.xml:14:5-80
	android:name
		ADDED from src/main/AndroidManifest.xml:14:22-78
uses-permission#android.permission.ACCESS_FINE_LOCATION
ADDED from src/main/AndroidManifest.xml:16:5-78
	android:name
		ADDED from src/main/AndroidManifest.xml:16:22-76
uses-permission#android.permission.ACCESS_WIFI_STATE
ADDED from src/main/AndroidManifest.xml:18:5-75
MERGED from [:picture_library] AndroidManifest.xml:17:5-76
MERGED from [:picture_library] AndroidManifest.xml:17:5-76
	android:name
		ADDED from src/main/AndroidManifest.xml:18:22-73
uses-permission#android.permission.ACCESS_NETWORK_STATE
ADDED from src/main/AndroidManifest.xml:20:5-78
MERGED from [:picture_library] AndroidManifest.xml:19:5-79
MERGED from [:picture_library] AndroidManifest.xml:19:5-79
	android:name
		ADDED from src/main/AndroidManifest.xml:20:22-76
uses-permission#android.permission.AUTHENTICATE_ACCOUNTS
ADDED from src/main/AndroidManifest.xml:21:5-79
	android:name
		ADDED from src/main/AndroidManifest.xml:21:22-77
uses-permission#android.permission.BROADCAST_PACKAGE_ADDED
ADDED from src/main/AndroidManifest.xml:22:5-81
	android:name
		ADDED from src/main/AndroidManifest.xml:22:22-79
uses-permission#android.permission.BROADCAST_PACKAGE_CHANGED
ADDED from src/main/AndroidManifest.xml:23:5-83
	android:name
		ADDED from src/main/AndroidManifest.xml:23:22-81
uses-permission#android.permission.BROADCAST_PACKAGE_INSTALL
ADDED from src/main/AndroidManifest.xml:24:5-83
	android:name
		ADDED from src/main/AndroidManifest.xml:24:22-81
uses-permission#android.permission.BROADCAST_PACKAGE_REPLACED
ADDED from src/main/AndroidManifest.xml:25:5-84
	android:name
		ADDED from src/main/AndroidManifest.xml:25:22-82
uses-permission#android.permission.BROADCAST_STICKY
ADDED from src/main/AndroidManifest.xml:26:5-74
	android:name
		ADDED from src/main/AndroidManifest.xml:26:22-72
uses-permission#android.permission.CAMERA
ADDED from src/main/AndroidManifest.xml:27:5-64
MERGED from [:picture_library] AndroidManifest.xml:13:5-65
MERGED from [:picture_library] AndroidManifest.xml:13:5-65
	android:name
		ADDED from src/main/AndroidManifest.xml:27:22-62
uses-permission#android.permission.CHANGE_NETWORK_STATE
ADDED from src/main/AndroidManifest.xml:29:5-78
	android:name
		ADDED from src/main/AndroidManifest.xml:29:22-76
uses-permission#android.permission.CHANGE_WIFI_STATE
ADDED from src/main/AndroidManifest.xml:31:5-75
	android:name
		ADDED from src/main/AndroidManifest.xml:31:22-73
uses-permission#android.permission.GET_TASKS
ADDED from src/main/AndroidManifest.xml:32:5-67
	android:name
		ADDED from src/main/AndroidManifest.xml:32:22-65
uses-permission#android.permission.GET_ACCOUNTS
ADDED from src/main/AndroidManifest.xml:33:5-70
	android:name
		ADDED from src/main/AndroidManifest.xml:33:22-68
uses-permission#android.permission.INTERNET
ADDED from src/main/AndroidManifest.xml:35:5-66
MERGED from [:picture_library] AndroidManifest.xml:15:5-67
MERGED from [:picture_library] AndroidManifest.xml:15:5-67
	android:name
		ADDED from src/main/AndroidManifest.xml:35:22-64
uses-permission#android.permission.MOUNT_UNMOUNT_FILESYSTEMS
ADDED from src/main/AndroidManifest.xml:37:5-38:47
MERGED from [:picture_library] AndroidManifest.xml:14:5-84
MERGED from [:picture_library] AndroidManifest.xml:14:5-84
	tools:ignore
		ADDED from src/main/AndroidManifest.xml:38:9-44
	android:name
		ADDED from src/main/AndroidManifest.xml:37:22-81
uses-permission#android.permission.MANAGE_ACCOUNTS
ADDED from src/main/AndroidManifest.xml:39:5-73
	android:name
		ADDED from src/main/AndroidManifest.xml:39:22-71
uses-permission#android.permission.READ_CALENDAR
ADDED from src/main/AndroidManifest.xml:40:5-71
	android:name
		ADDED from src/main/AndroidManifest.xml:40:22-69
uses-permission#android.permission.READ_EXTERNAL_STORAGE
ADDED from src/main/AndroidManifest.xml:41:5-79
MERGED from [:picture_library] AndroidManifest.xml:11:5-80
MERGED from [:picture_library] AndroidManifest.xml:11:5-80
MERGED from [com.squareup.leakcanary:leakcanary-android:1.5.1] AndroidManifest.xml:23:5-80
MERGED from [com.squareup.leakcanary:leakcanary-android:1.5.1] AndroidManifest.xml:23:5-80
	android:name
		ADDED from src/main/AndroidManifest.xml:41:22-77
uses-permission#android.permission.READ_LOGS
ADDED from src/main/AndroidManifest.xml:43:5-44:47
	tools:ignore
		ADDED from src/main/AndroidManifest.xml:44:9-44
	android:name
		ADDED from src/main/AndroidManifest.xml:43:22-65
uses-permission#android.permission.READ_PHONE_STATE
ADDED from src/main/AndroidManifest.xml:46:5-74
	android:name
		ADDED from src/main/AndroidManifest.xml:46:22-72
uses-permission#android.permission.RECEIVE_BOOT_COMPLETED
ADDED from src/main/AndroidManifest.xml:47:5-80
	android:name
		ADDED from src/main/AndroidManifest.xml:47:22-78
uses-permission#android.permission.RECORD_AUDIO
ADDED from src/main/AndroidManifest.xml:49:5-70
MERGED from [:picture_library] AndroidManifest.xml:20:5-71
MERGED from [:picture_library] AndroidManifest.xml:20:5-71
	android:name
		ADDED from src/main/AndroidManifest.xml:49:22-68
uses-permission#android.permission.RESTART_PACKAGES
ADDED from src/main/AndroidManifest.xml:50:5-74
	android:name
		ADDED from src/main/AndroidManifest.xml:50:22-72
uses-permission#com.android.launcher.permission.READ_SETTINGS
ADDED from src/main/AndroidManifest.xml:51:5-84
	android:name
		ADDED from src/main/AndroidManifest.xml:51:22-82
uses-permission#android.permission.READ_SMS
ADDED from src/main/AndroidManifest.xml:53:5-66
	android:name
		ADDED from src/main/AndroidManifest.xml:53:22-64
uses-permission#android.permission.USE_CREDENTIALS
ADDED from src/main/AndroidManifest.xml:54:5-73
	android:name
		ADDED from src/main/AndroidManifest.xml:54:22-71
uses-permission#android.permission.VIBRATE
ADDED from src/main/AndroidManifest.xml:56:5-65
	android:name
		ADDED from src/main/AndroidManifest.xml:56:22-63
uses-permission#android.permission.WAKE_LOCK
ADDED from src/main/AndroidManifest.xml:57:5-67
	android:name
		ADDED from src/main/AndroidManifest.xml:57:22-65
uses-permission#android.permission.WRITE_EXTERNAL_STORAGE
ADDED from src/main/AndroidManifest.xml:59:5-80
MERGED from [:picture_library] AndroidManifest.xml:12:5-81
MERGED from [:picture_library] AndroidManifest.xml:12:5-81
MERGED from [com.squareup.leakcanary:leakcanary-android:1.5.1] AndroidManifest.xml:24:5-81
MERGED from [com.squareup.leakcanary:leakcanary-android:1.5.1] AndroidManifest.xml:24:5-81
	android:name
		ADDED from src/main/AndroidManifest.xml:59:22-78
uses-permission#android.permission.WRITE_SETTINGS
ADDED from src/main/AndroidManifest.xml:60:5-61:47
MERGED from [:picture_library] AndroidManifest.xml:16:5-73
MERGED from [:picture_library] AndroidManifest.xml:16:5-73
	tools:ignore
		ADDED from src/main/AndroidManifest.xml:61:9-44
	android:name
		ADDED from src/main/AndroidManifest.xml:60:22-70
uses-permission#android.permission.WRITE_CALENDAR
ADDED from src/main/AndroidManifest.xml:62:5-72
	android:name
		ADDED from src/main/AndroidManifest.xml:62:22-70
uses-permission#android.permission.WRITE_INTERNAL_STORAGE
ADDED from src/main/AndroidManifest.xml:63:5-80
	android:name
		ADDED from src/main/AndroidManifest.xml:63:22-78
uses-permission#android.permission.READ_INTERNAL_STORAGE
ADDED from src/main/AndroidManifest.xml:64:5-79
	android:name
		ADDED from src/main/AndroidManifest.xml:64:22-77
uses-permission#android.permission.RECEIVE_USER_PRESENT
ADDED from src/main/AndroidManifest.xml:65:5-78
	android:name
		ADDED from src/main/AndroidManifest.xml:65:22-76
application
ADDED from src/main/AndroidManifest.xml:70:5-123:19
MERGED from [:picture_library] AndroidManifest.xml:22:5-68:19
MERGED from [:picture_library] AndroidManifest.xml:22:5-68:19
MERGED from [com.squareup.leakcanary:leakcanary-android:1.5.1] AndroidManifest.xml:26:5-55:19
MERGED from [com.squareup.leakcanary:leakcanary-android:1.5.1] AndroidManifest.xml:26:5-55:19
MERGED from [com.android.support:design:25.2.0] AndroidManifest.xml:25:5-20
MERGED from [com.android.support:design:25.2.0] AndroidManifest.xml:25:5-20
MERGED from [com.android.support:appcompat-v7:25.2.0] AndroidManifest.xml:25:5-20
MERGED from [com.android.support:appcompat-v7:25.2.0] AndroidManifest.xml:25:5-20
MERGED from [com.android.support:transition:25.2.0] AndroidManifest.xml:22:5-20
MERGED from [com.android.support:transition:25.2.0] AndroidManifest.xml:22:5-20
MERGED from [com.android.support:support-v4:25.2.0] AndroidManifest.xml:25:5-20
MERGED from [com.android.support:support-v4:25.2.0] AndroidManifest.xml:25:5-20
MERGED from [com.android.support:animated-vector-drawable:25.2.0] AndroidManifest.xml:22:5-20
MERGED from [com.android.support:animated-vector-drawable:25.2.0] AndroidManifest.xml:22:5-20
MERGED from [com.android.support:support-vector-drawable:25.2.0] AndroidManifest.xml:23:5-20
MERGED from [com.android.support:support-vector-drawable:25.2.0] AndroidManifest.xml:23:5-20
MERGED from [com.android.support:support-fragment:25.2.0] AndroidManifest.xml:25:5-20
MERGED from [com.android.support:support-fragment:25.2.0] AndroidManifest.xml:25:5-20
MERGED from [com.android.support:support-media-compat:25.2.0] AndroidManifest.xml:25:5-20
MERGED from [com.android.support:support-media-compat:25.2.0] AndroidManifest.xml:25:5-20
MERGED from [com.android.support:support-core-utils:25.2.0] AndroidManifest.xml:25:5-20
MERGED from [com.android.support:support-core-utils:25.2.0] AndroidManifest.xml:25:5-20
MERGED from [com.android.support:support-core-ui:25.2.0] AndroidManifest.xml:25:5-20
MERGED from [com.android.support:support-core-ui:25.2.0] AndroidManifest.xml:25:5-20
MERGED from [com.android.support:support-compat:25.2.0] AndroidManifest.xml:25:5-20
MERGED from [com.android.support:support-compat:25.2.0] AndroidManifest.xml:25:5-20
	android:supportsRtl
		ADDED from src/main/AndroidManifest.xml:75:13-39
	android:label
		ADDED from src/main/AndroidManifest.xml:74:13-45
	android:icon
		ADDED from src/main/AndroidManifest.xml:73:13-49
	android:allowBackup
		ADDED from src/main/AndroidManifest.xml:72:13-39
	android:theme
		ADDED from src/main/AndroidManifest.xml:76:13-44
	android:name
		ADDED from src/main/AndroidManifest.xml:71:13-32
activity#com.luck.pictureselector.MainActivity
ADDED from src/main/AndroidManifest.xml:77:9-79:55
	android:screenOrientation
		ADDED from src/main/AndroidManifest.xml:79:17-53
	android:name
		ADDED from src/main/AndroidManifest.xml:78:17-45
activity#com.luck.pictureselector.PhotoFragmentActivity
ADDED from src/main/AndroidManifest.xml:80:9-83:55
	android:screenOrientation
		ADDED from src/main/AndroidManifest.xml:83:17-53
	android:configChanges
		ADDED from src/main/AndroidManifest.xml:82:17-88
	android:name
		ADDED from src/main/AndroidManifest.xml:81:17-54
activity#com.luck.pictureselector.SimpleActivity
ADDED from src/main/AndroidManifest.xml:84:9-97:20
	android:screenOrientation
		ADDED from src/main/AndroidManifest.xml:86:17-53
	android:name
		ADDED from src/main/AndroidManifest.xml:85:17-47
intent-filter#action:name:android.intent.action.MAIN+category:name:android.intent.category.LAUNCHER
ADDED from src/main/AndroidManifest.xml:87:13-91:29
action#android.intent.action.MAIN
ADDED from src/main/AndroidManifest.xml:88:17-68
	android:name
		ADDED from src/main/AndroidManifest.xml:88:25-66
category#android.intent.category.LAUNCHER
ADDED from src/main/AndroidManifest.xml:90:17-76
	android:name
		ADDED from src/main/AndroidManifest.xml:90:27-74
activity#com.luck.pictureselector.DemoActivity
ADDED from src/main/AndroidManifest.xml:98:9-49
	android:name
		ADDED from src/main/AndroidManifest.xml:98:19-47
activity#com.luck.pictureselector.WebActivity
ADDED from src/main/AndroidManifest.xml:99:9-101:20
	android:name
		ADDED from src/main/AndroidManifest.xml:99:19-46
activity#com.luck.pictureselector.PictureActivity
ADDED from src/main/AndroidManifest.xml:102:9-108:20
	android:label
		ADDED from src/main/AndroidManifest.xml:104:17-63
	android:theme
		ADDED from src/main/AndroidManifest.xml:105:17-48
	android:name
		ADDED from src/main/AndroidManifest.xml:103:17-48
activity#com.luck.pictureselector.ListActivity2
ADDED from src/main/AndroidManifest.xml:109:9-50
	android:name
		ADDED from src/main/AndroidManifest.xml:109:19-48
activity#com.luck.pictureselector.ListActivityRecylerView
ADDED from src/main/AndroidManifest.xml:110:9-60
	android:name
		ADDED from src/main/AndroidManifest.xml:110:19-58
activity#com.luck.pictureselector.FragmentViewPagerActivity
ADDED from src/main/AndroidManifest.xml:111:9-62
	android:name
		ADDED from src/main/AndroidManifest.xml:111:19-60
activity#com.luck.pictureselector.VideoListActivity
ADDED from src/main/AndroidManifest.xml:112:9-54
	android:name
		ADDED from src/main/AndroidManifest.xml:112:19-52
activity#com.luck.pictureselector.VideoActivity
ADDED from src/main/AndroidManifest.xml:113:9-50
	android:name
		ADDED from src/main/AndroidManifest.xml:113:19-48
activity#com.luck.pictureselector.PhotoActivity
ADDED from src/main/AndroidManifest.xml:114:9-50
	android:name
		ADDED from src/main/AndroidManifest.xml:114:19-48
activity#com.luck.pictureselector.najieapp.NajieMainActivity
ADDED from src/main/AndroidManifest.xml:115:9-117:20
	android:name
		ADDED from src/main/AndroidManifest.xml:115:19-61
activity#com.luck.pictureselector.najieapp.AddPhotosActivity
ADDED from src/main/AndroidManifest.xml:118:9-63
	android:name
		ADDED from src/main/AndroidManifest.xml:118:19-61
activity#com.luck.pictureselector.najieapp.QueryPhotosActivity
ADDED from src/main/AndroidManifest.xml:119:9-65
	android:name
		ADDED from src/main/AndroidManifest.xml:119:19-63
activity#com.luck.pictureselector.MainActivity1
ADDED from src/main/AndroidManifest.xml:120:9-50
	android:name
		ADDED from src/main/AndroidManifest.xml:120:19-48
service#com.luck.pictureselector.Md5Service
ADDED from src/main/AndroidManifest.xml:122:9-46
	android:name
		ADDED from src/main/AndroidManifest.xml:122:18-44
uses-sdk
INJECTED from src/main/AndroidManifest.xml reason: use-sdk injection requested
INJECTED from src/main/AndroidManifest.xml
INJECTED from src/main/AndroidManifest.xml
MERGED from [:picture_library] AndroidManifest.xml:7:5-9:41
MERGED from [:picture_library] AndroidManifest.xml:7:5-9:41
MERGED from [com.squareup.leakcanary:leakcanary-android:1.5.1] AndroidManifest.xml:20:5-44
MERGED from [com.squareup.leakcanary:leakcanary-android:1.5.1] AndroidManifest.xml:20:5-44
MERGED from [com.squareup.leakcanary:leakcanary-android-no-op:1.5.1] AndroidManifest.xml:20:5-44
MERGED from [com.squareup.leakcanary:leakcanary-android-no-op:1.5.1] AndroidManifest.xml:20:5-44
MERGED from [com.android.support:design:25.2.0] AndroidManifest.xml:21:5-23:62
MERGED from [com.android.support:design:25.2.0] AndroidManifest.xml:21:5-23:62
MERGED from [:ucrop] AndroidManifest.xml:7:5-9:41
MERGED from [:ucrop] AndroidManifest.xml:7:5-9:41
MERGED from [com.android.support:appcompat-v7:25.2.0] AndroidManifest.xml:21:5-23:78
MERGED from [com.android.support:appcompat-v7:25.2.0] AndroidManifest.xml:21:5-23:78
MERGED from [com.android.support:transition:25.2.0] AndroidManifest.xml:20:5-44
MERGED from [com.android.support:transition:25.2.0] AndroidManifest.xml:20:5-44
MERGED from [com.android.support:support-v4:25.2.0] AndroidManifest.xml:21:5-23:54
MERGED from [com.android.support:support-v4:25.2.0] AndroidManifest.xml:21:5-23:54
MERGED from [com.android.support:recyclerview-v7:25.2.0] AndroidManifest.xml:20:5-43
MERGED from [com.android.support:recyclerview-v7:25.2.0] AndroidManifest.xml:20:5-43
MERGED from [io.reactivex.rxjava2:rxandroid:2.0.1] AndroidManifest.xml:19:5-43
MERGED from [io.reactivex.rxjava2:rxandroid:2.0.1] AndroidManifest.xml:19:5-43
MERGED from [com.android.support:animated-vector-drawable:25.2.0] AndroidManifest.xml:20:5-44
MERGED from [com.android.support:animated-vector-drawable:25.2.0] AndroidManifest.xml:20:5-44
MERGED from [com.android.support:support-vector-drawable:25.2.0] AndroidManifest.xml:21:5-43
MERGED from [com.android.support:support-vector-drawable:25.2.0] AndroidManifest.xml:21:5-43
MERGED from [com.android.support:support-fragment:25.2.0] AndroidManifest.xml:21:5-23:60
MERGED from [com.android.support:support-fragment:25.2.0] AndroidManifest.xml:21:5-23:60
MERGED from [com.android.support:support-media-compat:25.2.0] AndroidManifest.xml:21:5-23:63
MERGED from [com.android.support:support-media-compat:25.2.0] AndroidManifest.xml:21:5-23:63
MERGED from [com.android.support:support-core-utils:25.2.0] AndroidManifest.xml:21:5-23:61
MERGED from [com.android.support:support-core-utils:25.2.0] AndroidManifest.xml:21:5-23:61
MERGED from [com.android.support:support-core-ui:25.2.0] AndroidManifest.xml:21:5-23:58
MERGED from [com.android.support:support-core-ui:25.2.0] AndroidManifest.xml:21:5-23:58
MERGED from [com.android.support:support-compat:25.2.0] AndroidManifest.xml:21:5-23:58
MERGED from [com.android.support:support-compat:25.2.0] AndroidManifest.xml:21:5-23:58
INJECTED from src/main/AndroidManifest.xml
INJECTED from src/main/AndroidManifest.xml
	tools:overrideLibrary
		ADDED from [com.android.support:design:25.2.0] AndroidManifest.xml:23:9-59
	android:targetSdkVersion
		INJECTED from src/main/AndroidManifest.xml
		ADDED from src/main/AndroidManifest.xml
		INJECTED from src/main/AndroidManifest.xml
	android:minSdkVersion
		INJECTED from src/main/AndroidManifest.xml
		ADDED from src/main/AndroidManifest.xml
		INJECTED from src/main/AndroidManifest.xml
uses-permission#android.permission.WRITE_MEDIA_STORAGE
ADDED from [:picture_library] AndroidManifest.xml:18:5-78
	android:name
		ADDED from [:picture_library] AndroidManifest.xml:18:22-75
provider#com.luck.picture.lib.PictureFileProvider
ADDED from [:picture_library] AndroidManifest.xml:25:9-33:20
	android:grantUriPermissions
		ADDED from [:picture_library] AndroidManifest.xml:29:13-47
	android:authorities
		ADDED from [:picture_library] AndroidManifest.xml:27:13-60
	android:exported
		ADDED from [:picture_library] AndroidManifest.xml:28:13-37
	android:name
		ADDED from [:picture_library] AndroidManifest.xml:26:13-68
meta-data#android.support.FILE_PROVIDER_PATHS
ADDED from [:picture_library] AndroidManifest.xml:30:13-32:54
	android:resource
		ADDED from [:picture_library] AndroidManifest.xml:32:17-51
	android:name
		ADDED from [:picture_library] AndroidManifest.xml:31:17-67
activity#com.luck.picture.lib.PictureSelectorActivity
ADDED from [:picture_library] AndroidManifest.xml:35:9-39:55
	android:screenOrientation
		ADDED from [:picture_library] AndroidManifest.xml:37:13-49
	android:windowSoftInputMode
		ADDED from [:picture_library] AndroidManifest.xml:39:13-52
	android:theme
		ADDED from [:picture_library] AndroidManifest.xml:38:13-50
	android:name
		ADDED from [:picture_library] AndroidManifest.xml:36:13-72
activity#com.luck.picture.lib.PictureBaseActivity
ADDED from [:picture_library] AndroidManifest.xml:40:9-42:52
	android:screenOrientation
		ADDED from [:picture_library] AndroidManifest.xml:42:13-49
	android:name
		ADDED from [:picture_library] AndroidManifest.xml:41:13-68
activity#com.luck.picture.lib.PicturePreviewActivity
ADDED from [:picture_library] AndroidManifest.xml:43:9-46:53
	android:screenOrientation
		ADDED from [:picture_library] AndroidManifest.xml:45:13-49
	android:theme
		ADDED from [:picture_library] AndroidManifest.xml:46:13-50
	android:name
		ADDED from [:picture_library] AndroidManifest.xml:44:13-71
activity#com.luck.picture.lib.PictureVideoPlayActivity
ADDED from [:picture_library] AndroidManifest.xml:47:9-51:53
	android:screenOrientation
		ADDED from [:picture_library] AndroidManifest.xml:50:13-47
	android:configChanges
		ADDED from [:picture_library] AndroidManifest.xml:49:13-74
	android:theme
		ADDED from [:picture_library] AndroidManifest.xml:51:13-50
	android:name
		ADDED from [:picture_library] AndroidManifest.xml:48:13-73
activity#com.luck.picture.lib.PictureExternalPreviewActivity
ADDED from [:picture_library] AndroidManifest.xml:52:9-55:53
	android:screenOrientation
		ADDED from [:picture_library] AndroidManifest.xml:54:13-49
	android:theme
		ADDED from [:picture_library] AndroidManifest.xml:55:13-50
	android:name
		ADDED from [:picture_library] AndroidManifest.xml:53:13-79
activity#com.yalantis.ucrop.UCropActivity
ADDED from [:picture_library] AndroidManifest.xml:56:9-59:72
	android:screenOrientation
		ADDED from [:picture_library] AndroidManifest.xml:58:13-49
	android:theme
		ADDED from [:picture_library] AndroidManifest.xml:59:13-69
	android:name
		ADDED from [:picture_library] AndroidManifest.xml:57:13-60
activity#com.yalantis.ucrop.PictureMultiCuttingActivity
ADDED from [:picture_library] AndroidManifest.xml:60:9-63:72
	android:screenOrientation
		ADDED from [:picture_library] AndroidManifest.xml:62:13-49
	android:theme
		ADDED from [:picture_library] AndroidManifest.xml:63:13-69
	android:name
		ADDED from [:picture_library] AndroidManifest.xml:61:13-74
activity#com.luck.picture.lib.PicturePlayAudioActivity
ADDED from [:picture_library] AndroidManifest.xml:64:9-67:72
	android:screenOrientation
		ADDED from [:picture_library] AndroidManifest.xml:66:13-49
	android:theme
		ADDED from [:picture_library] AndroidManifest.xml:67:13-69
	android:name
		ADDED from [:picture_library] AndroidManifest.xml:65:13-73
service#com.squareup.leakcanary.internal.HeapAnalyzerService
ADDED from [com.squareup.leakcanary:leakcanary-android:1.5.1] AndroidManifest.xml:27:9-30:45
	android:process
		ADDED from [com.squareup.leakcanary:leakcanary-android:1.5.1] AndroidManifest.xml:30:13-42
	android:enabled
		ADDED from [com.squareup.leakcanary:leakcanary-android:1.5.1] AndroidManifest.xml:29:13-36
	android:name
		ADDED from [com.squareup.leakcanary:leakcanary-android:1.5.1] AndroidManifest.xml:28:13-80
service#com.squareup.leakcanary.DisplayLeakService
ADDED from [com.squareup.leakcanary:leakcanary-android:1.5.1] AndroidManifest.xml:31:9-33:39
	android:enabled
		ADDED from [com.squareup.leakcanary:leakcanary-android:1.5.1] AndroidManifest.xml:33:13-36
	android:name
		ADDED from [com.squareup.leakcanary:leakcanary-android:1.5.1] AndroidManifest.xml:32:13-70
activity#com.squareup.leakcanary.internal.DisplayLeakActivity
ADDED from [com.squareup.leakcanary:leakcanary-android:1.5.1] AndroidManifest.xml:35:9-47:20
	android:enabled
		ADDED from [com.squareup.leakcanary:leakcanary-android:1.5.1] AndroidManifest.xml:37:13-36
	android:label
		ADDED from [com.squareup.leakcanary:leakcanary-android:1.5.1] AndroidManifest.xml:39:13-71
	android:icon
		ADDED from [com.squareup.leakcanary:leakcanary-android:1.5.1] AndroidManifest.xml:38:13-54
	android:theme
		ADDED from [com.squareup.leakcanary:leakcanary-android:1.5.1] AndroidManifest.xml:41:13-63
	android:taskAffinity
		ADDED from [com.squareup.leakcanary:leakcanary-android:1.5.1] AndroidManifest.xml:40:13-76
	android:name
		ADDED from [com.squareup.leakcanary:leakcanary-android:1.5.1] AndroidManifest.xml:36:13-80
activity#com.squareup.leakcanary.internal.RequestStoragePermissionActivity
ADDED from [com.squareup.leakcanary:leakcanary-android:1.5.1] AndroidManifest.xml:48:9-54:68
	android:enabled
		ADDED from [com.squareup.leakcanary:leakcanary-android:1.5.1] AndroidManifest.xml:50:13-36
	android:label
		ADDED from [com.squareup.leakcanary:leakcanary-android:1.5.1] AndroidManifest.xml:52:13-82
	android:icon
		ADDED from [com.squareup.leakcanary:leakcanary-android:1.5.1] AndroidManifest.xml:51:13-54
	android:theme
		ADDED from [com.squareup.leakcanary:leakcanary-android:1.5.1] AndroidManifest.xml:54:13-65
	android:taskAffinity
		ADDED from [com.squareup.leakcanary:leakcanary-android:1.5.1] AndroidManifest.xml:53:13-76
	android:name
		ADDED from [com.squareup.leakcanary:leakcanary-android:1.5.1] AndroidManifest.xml:49:13-93